log4j:ERROR setFile(null,true) call failed.
java.io.FileNotFoundException: /usr/local/kafka/bin/../logs/server.log (Permission denied)
	at java.base/java.io.FileOutputStream.open0(Native Method)
	at java.base/java.io.FileOutputStream.open(FileOutputStream.java:293)
	at java.base/java.io.FileOutputStream.<init>(FileOutputStream.java:235)
	at java.base/java.io.FileOutputStream.<init>(FileOutputStream.java:155)
	at org.apache.log4j.FileAppender.setFile(FileAppender.java:272)
	at org.apache.log4j.FileAppender.activateOptions(FileAppender.java:162)
	at org.apache.log4j.DailyRollingFileAppender.activateOptions(DailyRollingFileAppender.java:208)
	at org.apache.log4j.config.PropertySetter.activate(PropertySetter.java:274)
	at org.apache.log4j.config.PropertySetter.setProperties(PropertySetter.java:154)
	at org.apache.log4j.config.PropertySetter.setProperties(PropertySetter.java:97)
	at org.apache.log4j.PropertyConfigurator.parseAppender(PropertyConfigurator.java:775)
	at org.apache.log4j.PropertyConfigurator.parseCategory(PropertyConfigurator.java:711)
	at org.apache.log4j.PropertyConfigurator.configureRootCategory(PropertyConfigurator.java:603)
	at org.apache.log4j.PropertyConfigurator.doConfigure(PropertyConfigurator.java:491)
	at org.apache.log4j.PropertyConfigurator.doConfigure(PropertyConfigurator.java:552)
	at org.apache.log4j.helpers.OptionConverter.selectAndConfigure(OptionConverter.java:485)
	at org.apache.log4j.LogManager.<clinit>(LogManager.java:115)
	at org.slf4j.impl.Reload4jLoggerFactory.<init>(Reload4jLoggerFactory.java:67)
	at org.slf4j.impl.StaticLoggerBinder.<init>(StaticLoggerBinder.java:72)
	at org.slf4j.impl.StaticLoggerBinder.<clinit>(StaticLoggerBinder.java:45)
	at org.slf4j.LoggerFactory.bind(LoggerFactory.java:150)
	at org.slf4j.LoggerFactory.performInitialization(LoggerFactory.java:124)
	at org.slf4j.LoggerFactory.getILoggerFactory(LoggerFactory.java:417)
	at org.slf4j.LoggerFactory.getLogger(LoggerFactory.java:362)
	at org.slf4j.LoggerFactory.getLogger(LoggerFactory.java:388)
	at org.apache.zookeeper.server.quorum.QuorumPeerMain.<clinit>(QuorumPeerMain.java:77)
log4j:ERROR Either File or DatePattern options are not set for appender [kafkaAppender].
log4j:ERROR setFile(null,true) call failed.
java.io.FileNotFoundException: /usr/local/kafka/bin/../logs/controller.log (Permission denied)
	at java.base/java.io.FileOutputStream.open0(Native Method)
	at java.base/java.io.FileOutputStream.open(FileOutputStream.java:293)
	at java.base/java.io.FileOutputStream.<init>(FileOutputStream.java:235)
	at java.base/java.io.FileOutputStream.<init>(FileOutputStream.java:155)
	at org.apache.log4j.FileAppender.setFile(FileAppender.java:272)
	at org.apache.log4j.FileAppender.activateOptions(FileAppender.java:162)
	at org.apache.log4j.DailyRollingFileAppender.activateOptions(DailyRollingFileAppender.java:208)
	at org.apache.log4j.config.PropertySetter.activate(PropertySetter.java:274)
	at org.apache.log4j.config.PropertySetter.setProperties(PropertySetter.java:154)
	at org.apache.log4j.config.PropertySetter.setProperties(PropertySetter.java:97)
	at org.apache.log4j.PropertyConfigurator.parseAppender(PropertyConfigurator.java:775)
	at org.apache.log4j.PropertyConfigurator.parseCategory(PropertyConfigurator.java:711)
	at org.apache.log4j.PropertyConfigurator.parseCatsAndRenderers(PropertyConfigurator.java:625)
	at org.apache.log4j.PropertyConfigurator.doConfigure(PropertyConfigurator.java:493)
	at org.apache.log4j.PropertyConfigurator.doConfigure(PropertyConfigurator.java:552)
	at org.apache.log4j.helpers.OptionConverter.selectAndConfigure(OptionConverter.java:485)
	at org.apache.log4j.LogManager.<clinit>(LogManager.java:115)
	at org.slf4j.impl.Reload4jLoggerFactory.<init>(Reload4jLoggerFactory.java:67)
	at org.slf4j.impl.StaticLoggerBinder.<init>(StaticLoggerBinder.java:72)
	at org.slf4j.impl.StaticLoggerBinder.<clinit>(StaticLoggerBinder.java:45)
	at org.slf4j.LoggerFactory.bind(LoggerFactory.java:150)
	at org.slf4j.LoggerFactory.performInitialization(LoggerFactory.java:124)
	at org.slf4j.LoggerFactory.getILoggerFactory(LoggerFactory.java:417)
	at org.slf4j.LoggerFactory.getLogger(LoggerFactory.java:362)
	at org.slf4j.LoggerFactory.getLogger(LoggerFactory.java:388)
	at org.apache.zookeeper.server.quorum.QuorumPeerMain.<clinit>(QuorumPeerMain.java:77)
log4j:ERROR Either File or DatePattern options are not set for appender [controllerAppender].
log4j:ERROR setFile(null,true) call failed.
java.io.FileNotFoundException: /usr/local/kafka/bin/../logs/log-cleaner.log (Permission denied)
	at java.base/java.io.FileOutputStream.open0(Native Method)
	at java.base/java.io.FileOutputStream.open(FileOutputStream.java:293)
	at java.base/java.io.FileOutputStream.<init>(FileOutputStream.java:235)
	at java.base/java.io.FileOutputStream.<init>(FileOutputStream.java:155)
	at org.apache.log4j.FileAppender.setFile(FileAppender.java:272)
	at org.apache.log4j.FileAppender.activateOptions(FileAppender.java:162)
	at org.apache.log4j.DailyRollingFileAppender.activateOptions(DailyRollingFileAppender.java:208)
	at org.apache.log4j.config.PropertySetter.activate(PropertySetter.java:274)
	at org.apache.log4j.config.PropertySetter.setProperties(PropertySetter.java:154)
	at org.apache.log4j.config.PropertySetter.setProperties(PropertySetter.java:97)
	at org.apache.log4j.PropertyConfigurator.parseAppender(PropertyConfigurator.java:775)
	at org.apache.log4j.PropertyConfigurator.parseCategory(PropertyConfigurator.java:711)
	at org.apache.log4j.PropertyConfigurator.parseCatsAndRenderers(PropertyConfigurator.java:625)
	at org.apache.log4j.PropertyConfigurator.doConfigure(PropertyConfigurator.java:493)
	at org.apache.log4j.PropertyConfigurator.doConfigure(PropertyConfigurator.java:552)
	at org.apache.log4j.helpers.OptionConverter.selectAndConfigure(OptionConverter.java:485)
	at org.apache.log4j.LogManager.<clinit>(LogManager.java:115)
	at org.slf4j.impl.Reload4jLoggerFactory.<init>(Reload4jLoggerFactory.java:67)
	at org.slf4j.impl.StaticLoggerBinder.<init>(StaticLoggerBinder.java:72)
	at org.slf4j.impl.StaticLoggerBinder.<clinit>(StaticLoggerBinder.java:45)
	at org.slf4j.LoggerFactory.bind(LoggerFactory.java:150)
	at org.slf4j.LoggerFactory.performInitialization(LoggerFactory.java:124)
	at org.slf4j.LoggerFactory.getILoggerFactory(LoggerFactory.java:417)
	at org.slf4j.LoggerFactory.getLogger(LoggerFactory.java:362)
	at org.slf4j.LoggerFactory.getLogger(LoggerFactory.java:388)
	at org.apache.zookeeper.server.quorum.QuorumPeerMain.<clinit>(QuorumPeerMain.java:77)
log4j:ERROR Either File or DatePattern options are not set for appender [cleanerAppender].
log4j:ERROR setFile(null,true) call failed.
java.io.FileNotFoundException: /usr/local/kafka/bin/../logs/state-change.log (Permission denied)
	at java.base/java.io.FileOutputStream.open0(Native Method)
	at java.base/java.io.FileOutputStream.open(FileOutputStream.java:293)
	at java.base/java.io.FileOutputStream.<init>(FileOutputStream.java:235)
	at java.base/java.io.FileOutputStream.<init>(FileOutputStream.java:155)
	at org.apache.log4j.FileAppender.setFile(FileAppender.java:272)
	at org.apache.log4j.FileAppender.activateOptions(FileAppender.java:162)
	at org.apache.log4j.DailyRollingFileAppender.activateOptions(DailyRollingFileAppender.java:208)
	at org.apache.log4j.config.PropertySetter.activate(PropertySetter.java:274)
	at org.apache.log4j.config.PropertySetter.setProperties(PropertySetter.java:154)
	at org.apache.log4j.config.PropertySetter.setProperties(PropertySetter.java:97)
	at org.apache.log4j.PropertyConfigurator.parseAppender(PropertyConfigurator.java:775)
	at org.apache.log4j.PropertyConfigurator.parseCategory(PropertyConfigurator.java:711)
	at org.apache.log4j.PropertyConfigurator.parseCatsAndRenderers(PropertyConfigurator.java:625)
	at org.apache.log4j.PropertyConfigurator.doConfigure(PropertyConfigurator.java:493)
	at org.apache.log4j.PropertyConfigurator.doConfigure(PropertyConfigurator.java:552)
	at org.apache.log4j.helpers.OptionConverter.selectAndConfigure(OptionConverter.java:485)
	at org.apache.log4j.LogManager.<clinit>(LogManager.java:115)
	at org.slf4j.impl.Reload4jLoggerFactory.<init>(Reload4jLoggerFactory.java:67)
	at org.slf4j.impl.StaticLoggerBinder.<init>(StaticLoggerBinder.java:72)
	at org.slf4j.impl.StaticLoggerBinder.<clinit>(StaticLoggerBinder.java:45)
	at org.slf4j.LoggerFactory.bind(LoggerFactory.java:150)
	at org.slf4j.LoggerFactory.performInitialization(LoggerFactory.java:124)
	at org.slf4j.LoggerFactory.getILoggerFactory(LoggerFactory.java:417)
	at org.slf4j.LoggerFactory.getLogger(LoggerFactory.java:362)
	at org.slf4j.LoggerFactory.getLogger(LoggerFactory.java:388)
	at org.apache.zookeeper.server.quorum.QuorumPeerMain.<clinit>(QuorumPeerMain.java:77)
log4j:ERROR Either File or DatePattern options are not set for appender [stateChangeAppender].
[2025-05-04 17:02:56,125] INFO Reading configuration from: /usr/local/kafka/config/zookeeper.properties (org.apache.zookeeper.server.quorum.QuorumPeerConfig)
[2025-05-04 17:02:56,131] INFO clientPortAddress is 0.0.0.0:2181 (org.apache.zookeeper.server.quorum.QuorumPeerConfig)
[2025-05-04 17:02:56,131] INFO secureClientPort is not set (org.apache.zookeeper.server.quorum.QuorumPeerConfig)
[2025-05-04 17:02:56,132] INFO observerMasterPort is not set (org.apache.zookeeper.server.quorum.QuorumPeerConfig)
[2025-05-04 17:02:56,132] INFO metricsProvider.className is org.apache.zookeeper.metrics.impl.DefaultMetricsProvider (org.apache.zookeeper.server.quorum.QuorumPeerConfig)
[2025-05-04 17:02:56,135] INFO autopurge.snapRetainCount set to 3 (org.apache.zookeeper.server.DatadirCleanupManager)
[2025-05-04 17:02:56,135] INFO autopurge.purgeInterval set to 0 (org.apache.zookeeper.server.DatadirCleanupManager)
[2025-05-04 17:02:56,135] INFO Purge task is not scheduled. (org.apache.zookeeper.server.DatadirCleanupManager)
[2025-05-04 17:02:56,135] WARN Either no config or no quorum defined in config, running in standalone mode (org.apache.zookeeper.server.quorum.QuorumPeerMain)
[2025-05-04 17:02:56,137] INFO Log4j 1.2 jmx support not found; jmx disabled. (org.apache.zookeeper.jmx.ManagedUtil)
[2025-05-04 17:02:56,138] INFO Reading configuration from: /usr/local/kafka/config/zookeeper.properties (org.apache.zookeeper.server.quorum.QuorumPeerConfig)
[2025-05-04 17:02:56,139] INFO clientPortAddress is 0.0.0.0:2181 (org.apache.zookeeper.server.quorum.QuorumPeerConfig)
[2025-05-04 17:02:56,139] INFO secureClientPort is not set (org.apache.zookeeper.server.quorum.QuorumPeerConfig)
[2025-05-04 17:02:56,139] INFO observerMasterPort is not set (org.apache.zookeeper.server.quorum.QuorumPeerConfig)
[2025-05-04 17:02:56,139] INFO metricsProvider.className is org.apache.zookeeper.metrics.impl.DefaultMetricsProvider (org.apache.zookeeper.server.quorum.QuorumPeerConfig)
[2025-05-04 17:02:56,139] INFO Starting server (org.apache.zookeeper.server.ZooKeeperServerMain)
[2025-05-04 17:02:56,164] INFO ServerMetrics initialized with provider org.apache.zookeeper.metrics.impl.DefaultMetricsProvider@3b938003 (org.apache.zookeeper.server.ServerMetrics)
[2025-05-04 17:02:56,168] INFO ACL digest algorithm is: SHA1 (org.apache.zookeeper.server.auth.DigestAuthenticationProvider)
[2025-05-04 17:02:56,168] INFO zookeeper.DigestAuthenticationProvider.enabled = true (org.apache.zookeeper.server.auth.DigestAuthenticationProvider)
[2025-05-04 17:02:56,171] INFO zookeeper.snapshot.trust.empty : false (org.apache.zookeeper.server.persistence.FileTxnSnapLog)
[2025-05-04 17:02:56,172] ERROR Unable to access datadir, exiting abnormally (org.apache.zookeeper.server.ZooKeeperServerMain)
org.apache.zookeeper.server.persistence.FileTxnSnapLog$DatadirException: Cannot write to data directory /tmp/zookeeper/version-2
	at org.apache.zookeeper.server.persistence.FileTxnSnapLog.<init>(FileTxnSnapLog.java:140)
	at org.apache.zookeeper.server.ZooKeeperServerMain.runFromConfig(ZooKeeperServerMain.java:139)
	at org.apache.zookeeper.server.ZooKeeperServerMain.initializeAndRun(ZooKeeperServerMain.java:113)
	at org.apache.zookeeper.server.ZooKeeperServerMain.main(ZooKeeperServerMain.java:68)
	at org.apache.zookeeper.server.quorum.QuorumPeerMain.initializeAndRun(QuorumPeerMain.java:141)
	at org.apache.zookeeper.server.quorum.QuorumPeerMain.main(QuorumPeerMain.java:91)
Unable to access datadir, exiting abnormally
[2025-05-04 17:02:56,177] INFO ZooKeeper audit is disabled. (org.apache.zookeeper.audit.ZKAuditProvider)
[2025-05-04 17:02:56,182] ERROR Exiting JVM with code 3 (org.apache.zookeeper.util.ServiceUtils)
